[0mGET /users/sign-out [36m302[0m 589.392 ms - 46[0m
[0mGET / [32m200[0m 3203.416 ms - 2903[0m
[0mGET /users/sign-in [36m304[0m 367.524 ms - -[0m
[0mPOST /users/create-session [36m302[0m 542.161 ms - 72[0m
[0mGET /users/sign-in [36m304[0m 261.212 ms - -[0m
[0mGET /users/sign-in [32m200[0m 271.783 ms - 2701[0m
[0mGET /users/sign-in [32m200[0m 334.784 ms - 2354[0m
[0mPOST /users/create-session [36m302[0m 1151.068 ms - 46[0m
[0mGET / [32m200[0m 1826.746 ms - 27648[0m
[0mPOST /posts/create [32m200[0m 1154.616 ms - 266[0m
[0mPOST /comments/create [32m200[0m 1504.229 ms - 313[0m
[0mPOST /comments/create [32m200[0m 1444.836 ms - 308[0m
[0mGET / [32m200[0m 3155.266 ms - 2558[0m
[0mGET /users/sign-in [32m200[0m 454.659 ms - 2350[0m
[0mGET /users/css/layout.css [33m404[0m 374.696 ms - 159[0m
[0mGET /users/css/header.css [33m404[0m 2102.031 ms - 159[0m
[0mGET /users/css/sign_in.css [33m404[0m 2107.989 ms - 160[0m
[0mGET /users/css/footer.css [33m404[0m 3599.074 ms - 159[0m
[0mGET /users/sign-in [36m304[0m 2000.137 ms - -[0m
[0mGET /users/css/layout.css [33m404[0m 311.868 ms - 159[0m
[0mGET /users/css/sign_in.css [33m404[0m 312.759 ms - 160[0m
[0mGET /users/css/footer.css [33m404[0m 1941.722 ms - 159[0m
[0mGET /users/css/header.css [33m404[0m 1954.733 ms - 159[0m
[0mGET /users/css/footer.css [33m404[0m 1619.834 ms - 159[0m
[0mGET /users/css/footer.css [33m404[0m 284.742 ms - 159[0m
[0mGET /users/css/layout.css [33m404[0m 310.528 ms - 159[0m
[0mGET /users/css/header.css [33m404[0m 313.897 ms - 159[0m
[0mGET /users/css/sign_in.css [33m404[0m 322.473 ms - 160[0m
[0mPOST /users/create-session [36m302[0m 830.322 ms - 72[0m
[0mGET /users/sign-in [36m304[0m 400.617 ms - -[0m
[0mGET /users/css/footer.css [33m404[0m 384.724 ms - 159[0m
[0mGET /users/css/sign_in.css [33m404[0m 382.227 ms - 160[0m
[0mGET /users/css/header.css [33m404[0m 363.348 ms - 159[0m
[0mGET /users/css/layout.css [33m404[0m 398.846 ms - 159[0m
[0mGET /users/css/footer.css [33m404[0m 1998.340 ms - 159[0m
[0mPOST /users/create-session [36m302[0m 696.202 ms - 72[0m
[0mGET /users/sign-in [36m304[0m 349.653 ms - -[0m
[0mGET /users/css/layout.css [33m404[0m 282.540 ms - 159[0m
[0mGET /users/css/sign_in.css [33m404[0m 286.219 ms - 160[0m
[0mGET /users/css/header.css [33m404[0m 288.369 ms - 159[0m
[0mGET /users/css/footer.css [33m404[0m 291.624 ms - 159[0m
[0mPOST /users/create-session [36m302[0m 1469.671 ms - 46[0m
[0mGET / [32m200[0m 2499.894 ms - 31014[0m
[0mGET /users/sign-out [36m302[0m 1292.515 ms - 46[0m
[0mGET / [32m200[0m 2256.530 ms - 2899[0m
[0mGET /users/sign-in [36m304[0m 283.914 ms - -[0m
[0mGET /users/css/header.css [33m404[0m 316.491 ms - 159[0m
[0mGET /users/css/layout.css [33m404[0m 369.490 ms - 159[0m
[0mGET /users/css/sign_in.css [33m404[0m 371.188 ms - 160[0m
[0mGET /users/css/footer.css [33m404[0m 375.503 ms - 159[0m
[0mGET /users/sign-in [32m200[0m 554.234 ms - 2359[0m
[0mGET /users/css/sign_in.css [33m404[0m 1945.390 ms - 160[0m
[0mGET /users/css/layout.css [33m404[0m 1963.547 ms - 159[0m
[0mGET /users/css/header.css [33m404[0m 3435.101 ms - 159[0m
[0mGET /users/css/footer.css [33m404[0m 3437.067 ms - 159[0m
[0mPOST /users/create-session [36m302[0m 1397.031 ms - 46[0m
[0mGET / [32m200[0m 2677.931 ms - 31355[0m
[0mPOST /posts/create [32m200[0m 1283.719 ms - 261[0m
[0mGET / [36m304[0m 3050.472 ms - -[0m
[0mGET / [32m200[0m 3378.001 ms - 2562[0m
[0mGET /favicon.ico [33m404[0m 271.580 ms - 150[0m
[0mGET /users/sign-in [32m200[0m 467.079 ms - 2354[0m
[0mGET /users/auth/google [36m302[0m 1748.359 ms - 0[0m
[0mGET / [36m304[0m 5239.213 ms - -[0m
[0mGET /users/sign-in [36m304[0m 319.593 ms - -[0m
[0mPOST /users/create-session [36m302[0m 1230.039 ms - 46[0m
[0mGET / [32m200[0m 2329.937 ms - 33414[0m
[0mGET /users/profile/640c64e92d2a272c38542fb1 [32m200[0m 1274.622 ms - 8958[0m
[0mGET /users/sign-out [36m302[0m 1174.190 ms - 46[0m
[0mGET / [32m200[0m 2091.845 ms - 2903[0m
[0mGET /users/sign-in [36m304[0m 468.340 ms - -[0m
[0mGET /users/auth/google [36m302[0m 304.433 ms - 0[0m
[0mGET /users/sign-in [36m304[0m 273.158 ms - -[0m
[0mGET / [0m-[0m - ms - -[0m
[0mGET / [32m200[0m 1643.705 ms - 2562[0m
[0mGET /users/sign-in [36m304[0m 314.556 ms - -[0m
[0mGET /users/auth/google [36m302[0m 263.905 ms - 0[0m
[0mGET / [36m304[0m 3730.805 ms - -[0m
[0mGET / [32m200[0m 3256.827 ms - 2562[0m
[0mGET /users/sign-in [32m200[0m 268.855 ms - 2354[0m
[0mGET /users/auth/google [36m302[0m 359.479 ms - 0[0m
[0mGET /users/auth/google/callback?code=4%2F0AWtgzh4O1k2tT_pMw-Elf9U3_oG7NpCtnHkfryUz8qs_UmmQQ54y9RXefBGYM2NOwFlciw&scope=email+profile+https%3A%2F%2Fwww.googleapis.com%2Fauth%2Fuserinfo.profile+https%3A%2F%2Fwww.googleapis.com%2Fauth%2Fuserinfo.email+openid&authuser=0&prompt=consent [31m500[0m 860.324 ms - 1006[0m
[0mGET /users/sign-in [36m304[0m 496.698 ms - -[0m
[0mGET /users/auth/google [36m302[0m 533.543 ms - 0[0m
[0mGET /users/auth/google/callback?code=4%2F0AWtgzh4y8HtZpHnlvEBWmYCtChExw6Ll3-CMwmiYmM9bsXVDV_oELz2daxz5w3CeuAew6Q&scope=email+profile+https%3A%2F%2Fwww.googleapis.com%2Fauth%2Fuserinfo.profile+https%3A%2F%2Fwww.googleapis.com%2Fauth%2Fuserinfo.email+openid&authuser=0&prompt=consent [36m302[0m 1748.402 ms - 46[0m
[0mGET / [32m200[0m 3839.457 ms - 33416[0m
[0mGET / [0m-[0m - ms - -[0m
[0mGET / [32m200[0m 10120.886 ms - 2562[0m
[0mGET /favicon.ico [33m404[0m 712.722 ms - 150[0m
[0mPOST /api/v1/users/create-session [33m422[0m 1310.140 ms - 42[0m
[0mGET /users/sign-in [32m200[0m 355.670 ms - 2354[0m
[0mGET /users/sign-up [32m200[0m 501.301 ms - 2460[0m
[0mPOST /users/create [36m302[0m 1821.186 ms - 72[0m
[0mGET /users/sign-in [32m200[0m 561.262 ms - 2685[0m
[0mPOST /users/create-session [36m302[0m 1979.548 ms - 46[0m
[0mGET / [32m200[0m 4413.383 ms - 32938[0m
[0mPOST /posts/create [32m200[0m 4166.275 ms - 266[0m
[0mPOST /posts/create [32m200[0m 3779.629 ms - 266[0m
[0mPOST /api/v1/users/create-session [32m200[0m 1023.037 ms - 487[0m
[0mDELETE /api/v1/posts/6413200fd9eff63a4c6680ba [32m200[0m 2651.761 ms - 243[0m
[0mGET / [32m200[0m 1890.944 ms - 34997[0m
[0mPOST /comments/create [32m200[0m 1350.816 ms - 314[0m
[0mPOST /comments/create [32m200[0m 1304.426 ms - 314[0m
[0mGET /posts/delete/6413200dd9eff63a4c6680b7 [32m200[0m 1604.983 ms - 72[0m
[0mPOST /posts/create [32m200[0m 1073.999 ms - 264[0m
[0mGET /users/profile/6418745866c6a5039d370db5 [36m302[0m 9.037 ms - 72[0m
[0mGET /users/sign-in [32m200[0m 5290.070 ms - 2354[0m
